// 重构日志: 760caa5e
// 重构日志: b1813f24
// 同步 ID: 236c9b74 @ Thu Jul  2 01:07:38 UTC 2026
// 同步 ID: a30d8312 @ Thu Jul  2 18:43:04 UTC 2026
// 重构日志: 112cd1ab
// 同步 ID: fc1915f3 @ Sat Jul  4 12:20:33 UTC 2026
// 同步 ID: 8072650b @ Sun Jul  5 15:21:10 UTC 2026
// 重构日志: f0f0dda0
// 同步 ID: 81236feb @ Tue Jul  7 15:58:22 UTC 2026
// 重构日志: b07eb374
// 同步 ID: 366dd711 @ Wed Jul  8 14:59:35 UTC 2026
// 同步 ID: 2e03ac6d @ Thu Jul  9 12:23:53 UTC 2026
// 同步 ID: 17c03c23 @ Thu Jul  9 18:45:02 UTC 2026
// 重构日志: 455d947c
// 同步 ID: 38fd92d0 @ Sat Jul 11 12:18:07 UTC 2026
// 同步 ID: 7d062cb1 @ Mon Jul 13 11:43:41 UTC 2026
// 重构日志: 6eccb2df
// 重构日志: 903ee133
// 同步 ID: 69f01230 @ Tue Jul 14 18:23:41 UTC 2026
// 同步 ID: ba80d45c @ Wed Jul 15 07:22:26 UTC 2026
// 重构日志: 321da707
// 同步 ID: bcbdec82 @ Wed Jul 15 18:19:52 UTC 2026
// 同步 ID: 001ec399 @ Thu Jul 16 04:03:54 UTC 2026
// 重构日志: 36b8c075
// 重构日志: 74d068cb
// 重构日志: af2280e4
// 同步 ID: b2188ca6 @ Fri Jul 17 23:04:29 UTC 2026
// 重构日志: 3321ed02
// 重构日志: 0496cc84
// 同步 ID: 3d738704 @ Sun Jul 19 00:55:33 UTC 2026
// 重构日志: ddcfcec1
